Compiling the C compiler identification source file "CMakeCCompilerId.c" failed.
Compiler:  
Build flags: 
Id flags:  

The output was:
1
Microsoft (R) Build Engine version 16.8.3+39993bd9d pour .NET Framework
Copyright (C) Microsoft Corporation. Tous droits réservés.

La génération a démarré 25/01/2021 21:53:46.
Projet "D:\msys64_2017\msys64\home\Jerome\86BoxPerso\86Box\build\build\CMakeFiles\3.18.2\CompilerIdC\CompilerIdC.vcxproj" sur le noud 1 (cibles par défaut).
PrepareForBuild:
  Création du répertoire "Debug\".
  Création du répertoire "Debug\CompilerIdC.tlog\".
InitializeBuildStatus:
  Création de "Debug\CompilerIdC.tlog\unsuccessfulbuild", car "AlwaysCreate" a été spécifié.
VcpkgTripletSelection:
  Using triplet "x64-windows" from "C:\Users\Jerome\Documents\GitHub\vcpkg\scripts\buildsystems\msbuild\..\..\..\installed\x64-windows\"
VcpkgCheckManifestRoot:
  The vcpkg manifest was disabled, but we found a manifest file in D:\msys64_2017\msys64\home\Jerome\86BoxPerso\86Box\. You may want to enable vcpkg manifests in your properties page or pass /p:VcpkgEnableManifest=true to the msbuild invocation.
ClCompile:
  C:\Program Files (x86)\Microsoft Visual Studio\2019\Community\VC\Tools\Llvm\x64\bin\clang-cl.exe /c /I"C:\Users\Jerome\Documents\GitHub\vcpkg\scripts\buildsystems\msbuild\..\..\..\installed\x64-windows\include" /nologo /W0 /WX- /diagnostics:column /Od /D _MBCS /EHsc /MDd /GS /fp:precise /Fo"Debug\\" /Gd /TC -m64  CMakeCCompilerId.c
Link:
  C:\Program Files (x86)\Microsoft Visual Studio\2019\Community\VC\Tools\Llvm\x64\bin\lld-link.exe /OUT:".\CompilerIdC.exe" /INCREMENTAL:NO /LIBPATH:"C:\Users\Jerome\Documents\GitHub\vcpkg\scripts\buildsystems\msbuild\..\..\..\installed\x64-windows\debug\lib" /LIBPATH:"C:\Users\Jerome\Documents\GitHub\vcpkg\scripts\buildsystems\msbuild\..\..\..\installed\x64-windows\debug\lib\manual-link" kernel32.lib user32.lib gdi32.lib winspool.lib comdlg32.lib advapi32.lib shell32.lib ole32.lib oleaut32.lib uuid.lib odbc32.lib odbccp32.lib "C:\Users\Jerome\Documents\GitHub\vcpkg\scripts\buildsystems\msbuild\..\..\..\installed\x64-windows\debug\lib\*.lib" /MANIFEST /MANIFESTUAC:"level='asInvoker' uiAccess='false'" /manifest:embed /DEBUG:FULL /PDB:".\CompilerIdC.pdb" /SUBSYSTEM:CONSOLE /DYNAMICBASE /NXCOMPAT /IMPLIB:".\CompilerIdC.lib"  Debug\CMakeCCompilerId.obj
lld-link : error : could not open 'C:\Users\Jerome\Documents\GitHub\vcpkg\scripts\buildsystems\msbuild\..\..\..\installed\x64-windows\debug\lib\*.lib': no such file or directory [D:\msys64_2017\msys64\home\Jerome\86BoxPerso\86Box\build\build\CMakeFiles\3.18.2\CompilerIdC\CompilerIdC.vcxproj]
Génération du projet "D:\msys64_2017\msys64\home\Jerome\86BoxPerso\86Box\build\build\CMakeFiles\3.18.2\CompilerIdC\CompilerIdC.vcxproj" terminée (cibles par défaut) -- ÉCHEC.

ÉCHEC de la build.

"D:\msys64_2017\msys64\home\Jerome\86BoxPerso\86Box\build\build\CMakeFiles\3.18.2\CompilerIdC\CompilerIdC.vcxproj" (cible par défaut) (1) ->
(Link cible) -> 
  lld-link : error : could not open 'C:\Users\Jerome\Documents\GitHub\vcpkg\scripts\buildsystems\msbuild\..\..\..\installed\x64-windows\debug\lib\*.lib': no such file or directory [D:\msys64_2017\msys64\home\Jerome\86BoxPerso\86Box\build\build\CMakeFiles\3.18.2\CompilerIdC\CompilerIdC.vcxproj]

    0 Avertissement(s)
    1 Erreur(s)

Temps écoulé 00:00:03.48


Compiling the C compiler identification source file "CMakeCCompilerId.c" failed.
Compiler:  
Build flags: 
Id flags:  

The output was:
1
Microsoft (R) Build Engine version 16.8.3+39993bd9d pour .NET Framework
Copyright (C) Microsoft Corporation. Tous droits réservés.

La génération a démarré 25/01/2021 21:53:50.
Projet "D:\msys64_2017\msys64\home\Jerome\86BoxPerso\86Box\build\build\CMakeFiles\3.18.2\CompilerIdC\CompilerIdC.vcxproj" sur le noud 1 (cibles par défaut).
PrepareForBuild:
  Création du répertoire "Debug\".
  Création du répertoire "Debug\CompilerIdC.tlog\".
InitializeBuildStatus:
  Création de "Debug\CompilerIdC.tlog\unsuccessfulbuild", car "AlwaysCreate" a été spécifié.
VcpkgTripletSelection:
  Using triplet "x64-windows" from "C:\Users\Jerome\Documents\GitHub\vcpkg\scripts\buildsystems\msbuild\..\..\..\installed\x64-windows\"
VcpkgCheckManifestRoot:
  The vcpkg manifest was disabled, but we found a manifest file in D:\msys64_2017\msys64\home\Jerome\86BoxPerso\86Box\. You may want to enable vcpkg manifests in your properties page or pass /p:VcpkgEnableManifest=true to the msbuild invocation.
ClCompile:
  C:\Program Files (x86)\Microsoft Visual Studio\2019\Community\VC\Tools\Llvm\x64\bin\clang-cl.exe /c /I"C:\Users\Jerome\Documents\GitHub\vcpkg\scripts\buildsystems\msbuild\..\..\..\installed\x64-windows\include" /nologo /W0 /WX- /diagnostics:column /Od /D _MBCS /EHsc /MDd /GS /fp:precise /Fo"Debug\\" /Gd /TC -m64  CMakeCCompilerId.c
Link:
  C:\Program Files (x86)\Microsoft Visual Studio\2019\Community\VC\Tools\Llvm\x64\bin\lld-link.exe /OUT:".\CompilerIdC.exe" /INCREMENTAL:NO /LIBPATH:"C:\Users\Jerome\Documents\GitHub\vcpkg\scripts\buildsystems\msbuild\..\..\..\installed\x64-windows\debug\lib" /LIBPATH:"C:\Users\Jerome\Documents\GitHub\vcpkg\scripts\buildsystems\msbuild\..\..\..\installed\x64-windows\debug\lib\manual-link" kernel32.lib user32.lib gdi32.lib winspool.lib comdlg32.lib advapi32.lib shell32.lib ole32.lib oleaut32.lib uuid.lib odbc32.lib odbccp32.lib "C:\Users\Jerome\Documents\GitHub\vcpkg\scripts\buildsystems\msbuild\..\..\..\installed\x64-windows\debug\lib\*.lib" /MANIFEST /MANIFESTUAC:"level='asInvoker' uiAccess='false'" /manifest:embed /DEBUG:FULL /PDB:".\CompilerIdC.pdb" /SUBSYSTEM:CONSOLE /DYNAMICBASE /NXCOMPAT /IMPLIB:".\CompilerIdC.lib"  Debug\CMakeCCompilerId.obj
lld-link : error : could not open 'C:\Users\Jerome\Documents\GitHub\vcpkg\scripts\buildsystems\msbuild\..\..\..\installed\x64-windows\debug\lib\*.lib': no such file or directory [D:\msys64_2017\msys64\home\Jerome\86BoxPerso\86Box\build\build\CMakeFiles\3.18.2\CompilerIdC\CompilerIdC.vcxproj]
Génération du projet "D:\msys64_2017\msys64\home\Jerome\86BoxPerso\86Box\build\build\CMakeFiles\3.18.2\CompilerIdC\CompilerIdC.vcxproj" terminée (cibles par défaut) -- ÉCHEC.

ÉCHEC de la build.

"D:\msys64_2017\msys64\home\Jerome\86BoxPerso\86Box\build\build\CMakeFiles\3.18.2\CompilerIdC\CompilerIdC.vcxproj" (cible par défaut) (1) ->
(Link cible) -> 
  lld-link : error : could not open 'C:\Users\Jerome\Documents\GitHub\vcpkg\scripts\buildsystems\msbuild\..\..\..\installed\x64-windows\debug\lib\*.lib': no such file or directory [D:\msys64_2017\msys64\home\Jerome\86BoxPerso\86Box\build\build\CMakeFiles\3.18.2\CompilerIdC\CompilerIdC.vcxproj]

    0 Avertissement(s)
    1 Erreur(s)

Temps écoulé 00:00:01.11


Compiling the CXX compiler identification source file "CMakeCXXCompilerId.cpp" failed.
Compiler:  
Build flags: 
Id flags:  

The output was:
1
Microsoft (R) Build Engine version 16.8.3+39993bd9d pour .NET Framework
Copyright (C) Microsoft Corporation. Tous droits réservés.

La génération a démarré 25/01/2021 21:53:54.
Projet "D:\msys64_2017\msys64\home\Jerome\86BoxPerso\86Box\build\build\CMakeFiles\3.18.2\CompilerIdCXX\CompilerIdCXX.vcxproj" sur le noud 1 (cibles par défaut).
PrepareForBuild:
  Création du répertoire "Debug\".
  Création du répertoire "Debug\CompilerIdCXX.tlog\".
InitializeBuildStatus:
  Création de "Debug\CompilerIdCXX.tlog\unsuccessfulbuild", car "AlwaysCreate" a été spécifié.
VcpkgTripletSelection:
  Using triplet "x64-windows" from "C:\Users\Jerome\Documents\GitHub\vcpkg\scripts\buildsystems\msbuild\..\..\..\installed\x64-windows\"
VcpkgCheckManifestRoot:
  The vcpkg manifest was disabled, but we found a manifest file in D:\msys64_2017\msys64\home\Jerome\86BoxPerso\86Box\. You may want to enable vcpkg manifests in your properties page or pass /p:VcpkgEnableManifest=true to the msbuild invocation.
ClCompile:
  C:\Program Files (x86)\Microsoft Visual Studio\2019\Community\VC\Tools\Llvm\x64\bin\clang-cl.exe /c /I"C:\Users\Jerome\Documents\GitHub\vcpkg\scripts\buildsystems\msbuild\..\..\..\installed\x64-windows\include" /nologo /W0 /WX- /diagnostics:column /Od /D _MBCS /EHsc /MDd /GS /fp:precise /Fo"Debug\\" /Gd /TP -m64  CMakeCXXCompilerId.cpp
Link:
  C:\Program Files (x86)\Microsoft Visual Studio\2019\Community\VC\Tools\Llvm\x64\bin\lld-link.exe /OUT:".\CompilerIdCXX.exe" /INCREMENTAL:NO /LIBPATH:"C:\Users\Jerome\Documents\GitHub\vcpkg\scripts\buildsystems\msbuild\..\..\..\installed\x64-windows\debug\lib" /LIBPATH:"C:\Users\Jerome\Documents\GitHub\vcpkg\scripts\buildsystems\msbuild\..\..\..\installed\x64-windows\debug\lib\manual-link" kernel32.lib user32.lib gdi32.lib winspool.lib comdlg32.lib advapi32.lib shell32.lib ole32.lib oleaut32.lib uuid.lib odbc32.lib odbccp32.lib "C:\Users\Jerome\Documents\GitHub\vcpkg\scripts\buildsystems\msbuild\..\..\..\installed\x64-windows\debug\lib\*.lib" /MANIFEST /MANIFESTUAC:"level='asInvoker' uiAccess='false'" /manifest:embed /DEBUG:FULL /PDB:".\CompilerIdCXX.pdb" /SUBSYSTEM:CONSOLE /DYNAMICBASE /NXCOMPAT /IMPLIB:".\CompilerIdCXX.lib"  Debug\CMakeCXXCompilerId.obj
lld-link : error : could not open 'C:\Users\Jerome\Documents\GitHub\vcpkg\scripts\buildsystems\msbuild\..\..\..\installed\x64-windows\debug\lib\*.lib': no such file or directory [D:\msys64_2017\msys64\home\Jerome\86BoxPerso\86Box\build\build\CMakeFiles\3.18.2\CompilerIdCXX\CompilerIdCXX.vcxproj]
Génération du projet "D:\msys64_2017\msys64\home\Jerome\86BoxPerso\86Box\build\build\CMakeFiles\3.18.2\CompilerIdCXX\CompilerIdCXX.vcxproj" terminée (cibles par défaut) -- ÉCHEC.

ÉCHEC de la build.

"D:\msys64_2017\msys64\home\Jerome\86BoxPerso\86Box\build\build\CMakeFiles\3.18.2\CompilerIdCXX\CompilerIdCXX.vcxproj" (cible par défaut) (1) ->
(Link cible) -> 
  lld-link : error : could not open 'C:\Users\Jerome\Documents\GitHub\vcpkg\scripts\buildsystems\msbuild\..\..\..\installed\x64-windows\debug\lib\*.lib': no such file or directory [D:\msys64_2017\msys64\home\Jerome\86BoxPerso\86Box\build\build\CMakeFiles\3.18.2\CompilerIdCXX\CompilerIdCXX.vcxproj]

    0 Avertissement(s)
    1 Erreur(s)

Temps écoulé 00:00:01.09


Compiling the CXX compiler identification source file "CMakeCXXCompilerId.cpp" failed.
Compiler:  
Build flags: 
Id flags:  

The output was:
1
Microsoft (R) Build Engine version 16.8.3+39993bd9d pour .NET Framework
Copyright (C) Microsoft Corporation. Tous droits réservés.

La génération a démarré 25/01/2021 21:53:55.
Projet "D:\msys64_2017\msys64\home\Jerome\86BoxPerso\86Box\build\build\CMakeFiles\3.18.2\CompilerIdCXX\CompilerIdCXX.vcxproj" sur le noud 1 (cibles par défaut).
PrepareForBuild:
  Création du répertoire "Debug\".
  Création du répertoire "Debug\CompilerIdCXX.tlog\".
InitializeBuildStatus:
  Création de "Debug\CompilerIdCXX.tlog\unsuccessfulbuild", car "AlwaysCreate" a été spécifié.
VcpkgTripletSelection:
  Using triplet "x64-windows" from "C:\Users\Jerome\Documents\GitHub\vcpkg\scripts\buildsystems\msbuild\..\..\..\installed\x64-windows\"
VcpkgCheckManifestRoot:
  The vcpkg manifest was disabled, but we found a manifest file in D:\msys64_2017\msys64\home\Jerome\86BoxPerso\86Box\. You may want to enable vcpkg manifests in your properties page or pass /p:VcpkgEnableManifest=true to the msbuild invocation.
ClCompile:
  C:\Program Files (x86)\Microsoft Visual Studio\2019\Community\VC\Tools\Llvm\x64\bin\clang-cl.exe /c /I"C:\Users\Jerome\Documents\GitHub\vcpkg\scripts\buildsystems\msbuild\..\..\..\installed\x64-windows\include" /nologo /W0 /WX- /diagnostics:column /Od /D _MBCS /EHsc /MDd /GS /fp:precise /Fo"Debug\\" /Gd /TP -m64  CMakeCXXCompilerId.cpp
Link:
  C:\Program Files (x86)\Microsoft Visual Studio\2019\Community\VC\Tools\Llvm\x64\bin\lld-link.exe /OUT:".\CompilerIdCXX.exe" /INCREMENTAL:NO /LIBPATH:"C:\Users\Jerome\Documents\GitHub\vcpkg\scripts\buildsystems\msbuild\..\..\..\installed\x64-windows\debug\lib" /LIBPATH:"C:\Users\Jerome\Documents\GitHub\vcpkg\scripts\buildsystems\msbuild\..\..\..\installed\x64-windows\debug\lib\manual-link" kernel32.lib user32.lib gdi32.lib winspool.lib comdlg32.lib advapi32.lib shell32.lib ole32.lib oleaut32.lib uuid.lib odbc32.lib odbccp32.lib "C:\Users\Jerome\Documents\GitHub\vcpkg\scripts\buildsystems\msbuild\..\..\..\installed\x64-windows\debug\lib\*.lib" /MANIFEST /MANIFESTUAC:"level='asInvoker' uiAccess='false'" /manifest:embed /DEBUG:FULL /PDB:".\CompilerIdCXX.pdb" /SUBSYSTEM:CONSOLE /DYNAMICBASE /NXCOMPAT /IMPLIB:".\CompilerIdCXX.lib"  Debug\CMakeCXXCompilerId.obj
lld-link : error : could not open 'C:\Users\Jerome\Documents\GitHub\vcpkg\scripts\buildsystems\msbuild\..\..\..\installed\x64-windows\debug\lib\*.lib': no such file or directory [D:\msys64_2017\msys64\home\Jerome\86BoxPerso\86Box\build\build\CMakeFiles\3.18.2\CompilerIdCXX\CompilerIdCXX.vcxproj]
Génération du projet "D:\msys64_2017\msys64\home\Jerome\86BoxPerso\86Box\build\build\CMakeFiles\3.18.2\CompilerIdCXX\CompilerIdCXX.vcxproj" terminée (cibles par défaut) -- ÉCHEC.

ÉCHEC de la build.

"D:\msys64_2017\msys64\home\Jerome\86BoxPerso\86Box\build\build\CMakeFiles\3.18.2\CompilerIdCXX\CompilerIdCXX.vcxproj" (cible par défaut) (1) ->
(Link cible) -> 
  lld-link : error : could not open 'C:\Users\Jerome\Documents\GitHub\vcpkg\scripts\buildsystems\msbuild\..\..\..\installed\x64-windows\debug\lib\*.lib': no such file or directory [D:\msys64_2017\msys64\home\Jerome\86BoxPerso\86Box\build\build\CMakeFiles\3.18.2\CompilerIdCXX\CompilerIdCXX.vcxproj]

    0 Avertissement(s)
    1 Erreur(s)

Temps écoulé 00:00:01.09


